Defaulting to user installation because normal site-packages is not writeable
Requirement already satisfied: torch in /orfeo/cephfs/home/dssc/wbajjouk/.local/lib/python3.9/site-packages (2.4.1)
Requirement already satisfied: transformers in /orfeo/cephfs/home/dssc/wbajjouk/.local/lib/python3.9/site-packages (4.44.2)
Requirement already satisfied: bitsandbytes in /orfeo/cephfs/home/dssc/wbajjouk/.local/lib/python3.9/site-packages (0.43.3)
Requirement already satisfied: datasets in /orfeo/cephfs/home/dssc/wbajjouk/.local/lib/python3.9/site-packages (2.21.0)
Requirement already satisfied: peft in /orfeo/cephfs/home/dssc/wbajjouk/.local/lib/python3.9/site-packages (0.12.0)
Requirement already satisfied: trl in /orfeo/cephfs/home/dssc/wbajjouk/.local/lib/python3.9/site-packages (0.10.1)
Requirement already satisfied: nvidia-cuda-nvrtc-cu12==12.1.105 in /orfeo/cephfs/home/dssc/wbajjouk/.local/lib/python3.9/site-packages (from torch) (12.1.105)
Requirement already satisfied: fsspec in /orfeo/cephfs/home/dssc/wbajjouk/.local/lib/python3.9/site-packages (from torch) (2024.6.1)
Requirement already satisfied: nvidia-cublas-cu12==12.1.3.1 in /orfeo/cephfs/home/dssc/wbajjouk/.local/lib/python3.9/site-packages (from torch) (12.1.3.1)
Requirement already satisfied: sympy in /orfeo/cephfs/home/dssc/wbajjouk/.local/lib/python3.9/site-packages (from torch) (1.13.2)
Requirement already satisfied: nvidia-cusparse-cu12==12.1.0.106 in /orfeo/cephfs/home/dssc/wbajjouk/.local/lib/python3.9/site-packages (from torch) (12.1.0.106)
Requirement already satisfied: nvidia-cuda-cupti-cu12==12.1.105 in /orfeo/cephfs/home/dssc/wbajjouk/.local/lib/python3.9/site-packages (from torch) (12.1.105)
Requirement already satisfied: nvidia-cuda-runtime-cu12==12.1.105 in /orfeo/cephfs/home/dssc/wbajjouk/.local/lib/python3.9/site-packages (from torch) (12.1.105)
Requirement already satisfied: nvidia-cudnn-cu12==9.1.0.70 in /orfeo/cephfs/home/dssc/wbajjouk/.local/lib/python3.9/site-packages (from torch) (9.1.0.70)
Requirement already satisfied: networkx in /orfeo/cephfs/home/dssc/wbajjouk/.local/lib/python3.9/site-packages (from torch) (3.2.1)
Requirement already satisfied: nvidia-nccl-cu12==2.20.5 in /orfeo/cephfs/home/dssc/wbajjouk/.local/lib/python3.9/site-packages (from torch) (2.20.5)
Requirement already satisfied: typing-extensions>=4.8.0 in /orfeo/cephfs/home/dssc/wbajjouk/.local/lib/python3.9/site-packages (from torch) (4.12.2)
Requirement already satisfied: nvidia-cufft-cu12==11.0.2.54 in /orfeo/cephfs/home/dssc/wbajjouk/.local/lib/python3.9/site-packages (from torch) (11.0.2.54)
Requirement already satisfied: nvidia-cusolver-cu12==11.4.5.107 in /orfeo/cephfs/home/dssc/wbajjouk/.local/lib/python3.9/site-packages (from torch) (11.4.5.107)
Requirement already satisfied: filelock in /usr/lib/python3.9/site-packages (from torch) (3.7.1)
Requirement already satisfied: nvidia-nvtx-cu12==12.1.105 in /orfeo/cephfs/home/dssc/wbajjouk/.local/lib/python3.9/site-packages (from torch) (12.1.105)
Requirement already satisfied: triton==3.0.0 in /orfeo/cephfs/home/dssc/wbajjouk/.local/lib/python3.9/site-packages (from torch) (3.0.0)
Requirement already satisfied: nvidia-curand-cu12==10.3.2.106 in /orfeo/cephfs/home/dssc/wbajjouk/.local/lib/python3.9/site-packages (from torch) (10.3.2.106)
Requirement already satisfied: jinja2 in /usr/lib/python3.9/site-packages (from torch) (3.0.1)
Requirement already satisfied: nvidia-nvjitlink-cu12 in /orfeo/cephfs/home/dssc/wbajjouk/.local/lib/python3.9/site-packages (from nvidia-cusolver-cu12==11.4.5.107->torch) (12.6.68)
Requirement already satisfied: tqdm>=4.27 in /orfeo/cephfs/home/dssc/wbajjouk/.local/lib/python3.9/site-packages (from transformers) (4.66.5)
Requirement already satisfied: huggingface-hub<1.0,>=0.23.2 in /orfeo/cephfs/home/dssc/wbajjouk/.local/lib/python3.9/site-packages (from transformers) (0.24.6)
Requirement already satisfied: packaging>=20.0 in /usr/lib/python3.9/site-packages (from transformers) (20.9)
Requirement already satisfied: pyyaml>=5.1 in /usr/lib64/python3.9/site-packages (from transformers) (5.4.1)
Requirement already satisfied: tokenizers<0.20,>=0.19 in /orfeo/cephfs/home/dssc/wbajjouk/.local/lib/python3.9/site-packages (from transformers) (0.19.1)
Requirement already satisfied: numpy>=1.17 in /orfeo/cephfs/home/dssc/wbajjouk/.local/lib/python3.9/site-packages (from transformers) (2.0.2)
Requirement already satisfied: safetensors>=0.4.1 in /orfeo/cephfs/home/dssc/wbajjouk/.local/lib/python3.9/site-packages (from transformers) (0.4.5)
Requirement already satisfied: requests in /orfeo/cephfs/home/dssc/wbajjouk/.local/lib/python3.9/site-packages (from transformers) (2.32.3)
Requirement already satisfied: regex!=2019.12.17 in /orfeo/cephfs/home/dssc/wbajjouk/.local/lib/python3.9/site-packages (from transformers) (2024.7.24)
Requirement already satisfied: xxhash in /orfeo/cephfs/home/dssc/wbajjouk/.local/lib/python3.9/site-packages (from datasets) (3.5.0)
Requirement already satisfied: aiohttp in /orfeo/cephfs/home/dssc/wbajjouk/.local/lib/python3.9/site-packages (from datasets) (3.10.5)
Requirement already satisfied: multiprocess in /orfeo/cephfs/home/dssc/wbajjouk/.local/lib/python3.9/site-packages (from datasets) (0.70.16)
Requirement already satisfied: pandas in /orfeo/cephfs/home/dssc/wbajjouk/.local/lib/python3.9/site-packages (from datasets) (2.2.2)
Requirement already satisfied: pyarrow>=15.0.0 in /orfeo/cephfs/home/dssc/wbajjouk/.local/lib/python3.9/site-packages (from datasets) (17.0.0)
Requirement already satisfied: dill<0.3.9,>=0.3.0 in /orfeo/cephfs/home/dssc/wbajjouk/.local/lib/python3.9/site-packages (from datasets) (0.3.8)
Requirement already satisfied: psutil in /usr/lib64/python3.9/site-packages (from peft) (5.8.0)
Requirement already satisfied: accelerate>=0.21.0 in /orfeo/cephfs/home/dssc/wbajjouk/.local/lib/python3.9/site-packages (from peft) (0.34.2)
Requirement already satisfied: tyro>=0.5.11 in /orfeo/cephfs/home/dssc/wbajjouk/.local/lib/python3.9/site-packages (from trl) (0.8.10)
Requirement already satisfied: aiohappyeyeballs>=2.3.0 in /orfeo/cephfs/home/dssc/wbajjouk/.local/lib/python3.9/site-packages (from aiohttp->datasets) (2.4.0)
Requirement already satisfied: multidict<7.0,>=4.5 in /orfeo/cephfs/home/dssc/wbajjouk/.local/lib/python3.9/site-packages (from aiohttp->datasets) (6.0.5)
Requirement already satisfied: async-timeout<5.0,>=4.0 in /orfeo/cephfs/home/dssc/wbajjouk/.local/lib/python3.9/site-packages (from aiohttp->datasets) (4.0.3)
Requirement already satisfied: aiosignal>=1.1.2 in /orfeo/cephfs/home/dssc/wbajjouk/.local/lib/python3.9/site-packages (from aiohttp->datasets) (1.3.1)
Requirement already satisfied: yarl<2.0,>=1.0 in /orfeo/cephfs/home/dssc/wbajjouk/.local/lib/python3.9/site-packages (from aiohttp->datasets) (1.10.0)
Requirement already satisfied: frozenlist>=1.1.1 in /orfeo/cephfs/home/dssc/wbajjouk/.local/lib/python3.9/site-packages (from aiohttp->datasets) (1.4.1)
Requirement already satisfied: attrs>=17.3.0 in /orfeo/cephfs/home/dssc/wbajjouk/.local/lib/python3.9/site-packages (from aiohttp->datasets) (24.2.0)
Requirement already satisfied: pyparsing>=2.0.2 in /usr/lib/python3.9/site-packages (from packaging>=20.0->transformers) (2.4.7)
Requirement already satisfied: urllib3<3,>=1.21.1 in /usr/lib/python3.9/site-packages (from requests->transformers) (1.26.5)
Requirement already satisfied: charset-normalizer<4,>=2 in /orfeo/cephfs/home/dssc/wbajjouk/.local/lib/python3.9/site-packages (from requests->transformers) (3.3.2)
Requirement already satisfied: certifi>=2017.4.17 in /orfeo/cephfs/home/dssc/wbajjouk/.local/lib/python3.9/site-packages (from requests->transformers) (2024.8.30)
Requirement already satisfied: idna<4,>=2.5 in /usr/lib/python3.9/site-packages (from requests->transformers) (2.10)
Requirement already satisfied: rich>=11.1.0 in /orfeo/cephfs/home/dssc/wbajjouk/.local/lib/python3.9/site-packages (from tyro>=0.5.11->trl) (13.8.0)
Requirement already satisfied: eval-type-backport>=0.1.3 in /orfeo/cephfs/home/dssc/wbajjouk/.local/lib/python3.9/site-packages (from tyro>=0.5.11->trl) (0.2.0)
Requirement already satisfied: shtab>=1.5.6 in /orfeo/cephfs/home/dssc/wbajjouk/.local/lib/python3.9/site-packages (from tyro>=0.5.11->trl) (1.7.1)
Requirement already satisfied: docstring-parser>=0.16 in /orfeo/cephfs/home/dssc/wbajjouk/.local/lib/python3.9/site-packages (from tyro>=0.5.11->trl) (0.16)
Requirement already satisfied: markdown-it-py>=2.2.0 in /orfeo/cephfs/home/dssc/wbajjouk/.local/lib/python3.9/site-packages (from rich>=11.1.0->tyro>=0.5.11->trl) (3.0.0)
Requirement already satisfied: pygments<3.0.0,>=2.13.0 in /orfeo/cephfs/home/dssc/wbajjouk/.local/lib/python3.9/site-packages (from rich>=11.1.0->tyro>=0.5.11->trl) (2.18.0)
Requirement already satisfied: mdurl~=0.1 in /orfeo/cephfs/home/dssc/wbajjouk/.local/lib/python3.9/site-packages (from markdown-it-py>=2.2.0->rich>=11.1.0->tyro>=0.5.11->trl) (0.1.2)
Requirement already satisfied: MarkupSafe>=2.0 in /usr/lib64/python3.9/site-packages (from jinja2->torch) (2.0.0)
Requirement already satisfied: tzdata>=2022.7 in /orfeo/cephfs/home/dssc/wbajjouk/.local/lib/python3.9/site-packages (from pandas->datasets) (2024.1)
Requirement already satisfied: pytz>=2020.1 in /usr/lib/python3.9/site-packages (from pandas->datasets) (2021.1)
Requirement already satisfied: python-dateutil>=2.8.2 in /orfeo/cephfs/home/dssc/wbajjouk/.local/lib/python3.9/site-packages (from pandas->datasets) (2.9.0.post0)
Requirement already satisfied: six>=1.5 in /usr/lib/python3.9/site-packages (from python-dateutil>=2.8.2->pandas->datasets) (1.15.0)
Requirement already satisfied: mpmath<1.4,>=1.1.0 in /orfeo/cephfs/home/dssc/wbajjouk/.local/lib/python3.9/site-packages (from sympy->torch) (1.3.0)
